<?xml version="1.0" encoding="UTF-8"?>
<!-- Generated by org.testng.reporters.JUnitXMLReporter -->
<testsuite hostname="DESKTOP-NMG6R38" name="Default test" tests="3" failures="0" timestamp="17 Feb 2021 03:30:11 GMT" time="32.927" errors="0">
  <testcase name="hrmLogin" time="1.779" classname="com.selenium.orangehrm.TestCase.TestCaseTwo"/>
  <testcase name="hrmLogin" time="2.748" classname="com.selenium.orangehrm.TestCase.TestCaseTwo"/>
  <testcase name="hrmLogin" time="4.34" classname="com.selenium.orangehrm.TestCase.TestCaseTwo"/>
</testsuite> <!-- Default test -->
